12-18 12:38:46 com_github_MitjaNemec_ReplicateLayout.action_replicate_layout 392:Plugin executed on: 'win32'
12-18 12:38:46 com_github_MitjaNemec_ReplicateLayout.action_replicate_layout 393:Plugin executed with python version: '3.9.16 (main, Aug  8 2023, 05:38:28) [MSC v.1936 64 bit (AMD64)]'
12-18 12:38:46 com_github_MitjaNemec_ReplicateLayout.action_replicate_layout 394:KiCad build version: 7.0.8
12-18 12:38:46 com_github_MitjaNemec_ReplicateLayout.action_replicate_layout 395:Plugin version: 2.1.3
12-18 12:38:46 com_github_MitjaNemec_ReplicateLayout.action_replicate_layout 396:Frame repr: <wx._core.Frame object at 0x0000014AEDDA19D0>
12-18 12:38:46 com_github_MitjaNemec_ReplicateLayout.action_replicate_layout 420:Preparing replicator with D6 as a reference
12-18 12:38:46 com_github_MitjaNemec_ReplicateLayout.replicate_layout 117:getting a list of all footprints on board
12-18 12:38:46 com_github_MitjaNemec_ReplicateLayout.action_replicate_layout 468:source anchor footprint is 'D6'
Located on: ['digital_inputs', 'quad_input5']
With filenames: ['digital_inputs.kicad_sch', 'quad_input.kicad_sch']
With sheet_id:['digital_inputs', 'quad_input5']
12-18 12:38:46 com_github_MitjaNemec_ReplicateLayout.action_replicate_layout 475:Corresponding footprints are 
[('D7', ['digital_inputs', 'quad_input4']), ('D4', ['digital_inputs', 'quad_input3']), ('D8', ['digital_inputs', 'quad_input1']), ('D3', ['digital_inputs', 'quad_input2']), ('D6', ['digital_inputs', 'quad_input5'])]
12-18 12:38:46 com_github_MitjaNemec_ReplicateLayout.action_replicate_layout 487:Showing dialog
12-18 12:38:46 com_github_MitjaNemec_ReplicateLayout.replicate_layout 424:constructing a list of sheets suitable for replication on level:'quad_input5', file:'quad_input.kicad_sch'
12-18 12:38:46 com_github_MitjaNemec_ReplicateLayout.replicate_layout 461:suitable sheets are:[['digital_inputs', 'quad_input1'], ['digital_inputs', 'quad_input2'], ['digital_inputs', 'quad_input3'], ['digital_inputs', 'quad_input4']]
12-18 12:38:46 com_github_MitjaNemec_ReplicateLayout.replicate_layout 1464:Level selected: ['digital_inputs', 'quad_input5']
12-18 12:38:46 com_github_MitjaNemec_ReplicateLayout.replicate_layout 1299:Filtering list of tracks
12-18 12:38:46 com_github_MitjaNemec_ReplicateLayout.action_replicate_layout 493:Toolbar position: wx.Point(1699, 117)
12-18 12:38:46 com_github_MitjaNemec_ReplicateLayout.action_replicate_layout 498:Dialog position: wx.Point(1260, 117)
12-18 12:38:50 com_github_MitjaNemec_ReplicateLayout.replicate_layout 424:constructing a list of sheets suitable for replication on level:'quad_input5', file:'quad_input.kicad_sch'
12-18 12:38:50 com_github_MitjaNemec_ReplicateLayout.replicate_layout 461:suitable sheets are:[['digital_inputs', 'quad_input1'], ['digital_inputs', 'quad_input2'], ['digital_inputs', 'quad_input3'], ['digital_inputs', 'quad_input4']]
12-18 12:38:50 com_github_MitjaNemec_ReplicateLayout.action_replicate_layout 240:Replicating layout
12-18 12:38:50 com_github_MitjaNemec_ReplicateLayout.replicate_layout 240:Starting replication of sheets: [['digital_inputs', 'quad_input1'], ['digital_inputs', 'quad_input2'], ['digital_inputs', 'quad_input3'], ['digital_inputs', 'quad_input4']]
on level: ['digital_inputs', 'quad_input5']
with tracks=True, zone=True, text=True, text=True, intersecting=False, remove=True, locked footprints=False, group_only=False
12-18 12:38:50 root 332:updating GUI message: 'Preparing for replication'
12-18 12:38:50 root 337:updating GUI with: 0
12-18 12:38:50 com_github_MitjaNemec_ReplicateLayout.replicate_layout 310:Getting the list of source footprints
12-18 12:38:50 com_github_MitjaNemec_ReplicateLayout.replicate_layout 320:Getting the list of all the remaining footprints
12-18 12:38:50 com_github_MitjaNemec_ReplicateLayout.replicate_layout 327:Getting source tracks
12-18 12:38:50 com_github_MitjaNemec_ReplicateLayout.replicate_layout 1299:Filtering list of tracks
12-18 12:38:50 com_github_MitjaNemec_ReplicateLayout.replicate_layout 331:Getting source zones
12-18 12:38:50 root 337:updating GUI with: 50
12-18 12:38:50 com_github_MitjaNemec_ReplicateLayout.replicate_layout 335:Getting source text items
12-18 12:38:50 com_github_MitjaNemec_ReplicateLayout.replicate_layout 339:Getting source drawing items
12-18 12:38:50 com_github_MitjaNemec_ReplicateLayout.replicate_layout 272:Removing tracks and zones, before footprint placement
12-18 12:38:50 root 332:updating GUI message: 'Removing zones and tracks'
12-18 12:38:50 com_github_MitjaNemec_ReplicateLayout.replicate_layout 1245:Remove bounding box top:96747500, bottom:103980000, Left:81867500, Right:99867500
12-18 12:38:50 root 337:updating GUI with: 25
12-18 12:38:50 com_github_MitjaNemec_ReplicateLayout.replicate_layout 1245:Remove bounding box top:96747500, bottom:103980000, Left:100055000, Right:118055000
12-18 12:38:50 root 337:updating GUI with: 50
12-18 12:38:50 com_github_MitjaNemec_ReplicateLayout.replicate_layout 1245:Remove bounding box top:96747500, bottom:103980000, Left:118242500, Right:136242500
12-18 12:38:50 root 337:updating GUI with: 75
12-18 12:38:50 com_github_MitjaNemec_ReplicateLayout.replicate_layout 1245:Remove bounding box top:96747500, bottom:103980000, Left:136430000, Right:154430000
12-18 12:38:50 root 332:updating GUI message: 'Replicating footprints'
12-18 12:38:50 root 337:updating GUI with: 0
12-18 12:38:50 com_github_MitjaNemec_ReplicateLayout.replicate_layout 806:Replicating footprints
12-18 12:38:50 com_github_MitjaNemec_ReplicateLayout.replicate_layout 813:Replicating footprints on sheet ['digital_inputs', 'quad_input1']
12-18 12:38:50 com_github_MitjaNemec_ReplicateLayout.replicate_layout 813:Replicating footprints on sheet ['digital_inputs', 'quad_input2']
12-18 12:38:50 com_github_MitjaNemec_ReplicateLayout.replicate_layout 813:Replicating footprints on sheet ['digital_inputs', 'quad_input3']
12-18 12:38:50 com_github_MitjaNemec_ReplicateLayout.replicate_layout 813:Replicating footprints on sheet ['digital_inputs', 'quad_input4']
12-18 12:38:50 com_github_MitjaNemec_ReplicateLayout.replicate_layout 280:Removing tracks and zones, after footprint placement
12-18 12:38:50 root 332:updating GUI message: 'Removing zones and tracks'
12-18 12:38:50 com_github_MitjaNemec_ReplicateLayout.replicate_layout 1245:Remove bounding box top:96747500, bottom:103980000, Left:81867500, Right:99867500
12-18 12:38:50 root 337:updating GUI with: 25
12-18 12:38:50 com_github_MitjaNemec_ReplicateLayout.replicate_layout 1245:Remove bounding box top:96747500, bottom:103980000, Left:100055000, Right:118055000
12-18 12:38:50 root 337:updating GUI with: 50
12-18 12:38:50 com_github_MitjaNemec_ReplicateLayout.replicate_layout 1245:Remove bounding box top:96747500, bottom:103980000, Left:118242500, Right:136242500
12-18 12:38:50 root 337:updating GUI with: 75
12-18 12:38:50 com_github_MitjaNemec_ReplicateLayout.replicate_layout 1245:Remove bounding box top:96747500, bottom:103980000, Left:136430000, Right:154430000
12-18 12:38:50 root 332:updating GUI message: 'Replicating tracks'
12-18 12:38:50 root 337:updating GUI with: 0
12-18 12:38:50 com_github_MitjaNemec_ReplicateLayout.replicate_layout 977:Replicating tracks
12-18 12:38:50 com_github_MitjaNemec_ReplicateLayout.replicate_layout 983:Replicating tracks on sheet ['digital_inputs', 'quad_input1']
12-18 12:38:50 com_github_MitjaNemec_ReplicateLayout.replicate_layout 766:Net pairs for sheet ['digital_inputs', 'quad_input1'] :[('Net-(RN16-R4.1)', 'Net-(RN9-R4.1)'), ('Net-(RN15-R3.1)', 'Net-(RN10-R3.1)'), ('Net-(RN16-R1.1)', 'Net-(RN9-R1.1)'), ('Net-(RN15-R2.1)', 'Net-(RN10-R2.1)'), ('/digital_inputs/IN18', '/digital_inputs/IN2'), ('GND', 'GND'), ('/digital_inputs/IN19', '/digital_inputs/IN3'), ('/digital_inputs/COLLECTOR18', '/digital_inputs/COLLECTOR2'), ('Net-(RN16-R3.1)', 'Net-(RN9-R3.1)'), ('/digital_inputs/quad_input1/+PULLUP', '/digital_inputs/quad_input1/+PULLUP'), ('/digital_inputs/IN20', '/digital_inputs/IN4'), ('/digital_inputs/IN17', '/digital_inputs/IN1'), ('/digital_inputs/COLLECTOR19', '/digital_inputs/COLLECTOR3'), ('Net-(RN16-R2.1)', 'Net-(RN9-R2.1)'), ('Net-(RN15-R1.1)', 'Net-(RN10-R1.1)'), ('/digital_inputs/COLLECTOR20', '/digital_inputs/COLLECTOR4'), ('/digital_inputs/COLLECTOR17', '/digital_inputs/COLLECTOR1'), ('Net-(RN15-R4.1)', 'Net-(RN10-R4.1)')]
12-18 12:38:50 com_github_MitjaNemec_ReplicateLayout.replicate_layout 983:Replicating tracks on sheet ['digital_inputs', 'quad_input2']
12-18 12:38:50 com_github_MitjaNemec_ReplicateLayout.replicate_layout 766:Net pairs for sheet ['digital_inputs', 'quad_input2'] :[('/digital_inputs/COLLECTOR17', '/digital_inputs/COLLECTOR5'), ('/digital_inputs/IN17', '/digital_inputs/IN5'), ('Net-(RN15-R2.1)', 'Net-(RN11-R2.1)'), ('/digital_inputs/IN19', '/digital_inputs/IN7'), ('GND', 'GND'), ('Net-(RN15-R4.1)', 'Net-(RN11-R4.1)'), ('/digital_inputs/quad_input1/+PULLUP', '/digital_inputs/quad_input1/+PULLUP'), ('/digital_inputs/IN18', '/digital_inputs/IN6'), ('/digital_inputs/IN20', '/digital_inputs/IN8'), ('Net-(RN16-R2.1)', 'Net-(RN12-R2.1)'), ('/digital_inputs/COLLECTOR20', '/digital_inputs/COLLECTOR8'), ('Net-(RN16-R1.1)', 'Net-(RN12-R1.1)'), ('Net-(RN16-R4.1)', 'Net-(RN12-R4.1)'), ('/digital_inputs/COLLECTOR19', '/digital_inputs/COLLECTOR7'), ('/digital_inputs/COLLECTOR18', '/digital_inputs/COLLECTOR6'), ('Net-(RN15-R3.1)', 'Net-(RN11-R3.1)'), ('Net-(RN16-R3.1)', 'Net-(RN12-R3.1)'), ('Net-(RN15-R1.1)', 'Net-(RN11-R1.1)')]
12-18 12:38:50 root 337:updating GUI with: 47
12-18 12:38:50 com_github_MitjaNemec_ReplicateLayout.replicate_layout 983:Replicating tracks on sheet ['digital_inputs', 'quad_input3']
12-18 12:38:50 com_github_MitjaNemec_ReplicateLayout.replicate_layout 766:Net pairs for sheet ['digital_inputs', 'quad_input3'] :[('Net-(RN16-R3.1)', 'Net-(RN14-R3.1)'), ('Net-(RN15-R4.1)', 'Net-(RN13-R4.1)'), ('/digital_inputs/COLLECTOR19', '/digital_inputs/COLLECTOR11'), ('/digital_inputs/IN17', '/digital_inputs/IN9'), ('Net-(RN15-R1.1)', 'Net-(RN13-R1.1)'), ('GND', 'GND'), ('Net-(RN15-R3.1)', 'Net-(RN13-R3.1)'), ('/digital_inputs/IN19', '/digital_inputs/IN11'), ('/digital_inputs/quad_input1/+PULLUP', '/digital_inputs/quad_input1/+PULLUP'), ('Net-(RN15-R2.1)', 'Net-(RN13-R2.1)'), ('Net-(RN16-R4.1)', 'Net-(RN14-R4.1)'), ('/digital_inputs/COLLECTOR18', '/digital_inputs/COLLECTOR10'), ('Net-(RN16-R2.1)', 'Net-(RN14-R2.1)'), ('Net-(RN16-R1.1)', 'Net-(RN14-R1.1)'), ('/digital_inputs/IN20', '/digital_inputs/IN12'), ('/digital_inputs/COLLECTOR20', '/digital_inputs/COLLECTOR12'), ('/digital_inputs/COLLECTOR17', '/digital_inputs/COLLECTOR9'), ('/digital_inputs/IN18', '/digital_inputs/IN10')]
12-18 12:38:50 com_github_MitjaNemec_ReplicateLayout.replicate_layout 983:Replicating tracks on sheet ['digital_inputs', 'quad_input4']
12-18 12:38:50 com_github_MitjaNemec_ReplicateLayout.replicate_layout 766:Net pairs for sheet ['digital_inputs', 'quad_input4'] :[('Net-(RN16-R2.1)', 'Net-(RN18-R2.1)'), ('/digital_inputs/COLLECTOR19', '/digital_inputs/COLLECTOR15'), ('Net-(RN16-R1.1)', 'Net-(RN18-R1.1)'), ('Net-(RN15-R3.1)', 'Net-(RN17-R3.1)'), ('Net-(RN15-R1.1)', 'Net-(RN17-R1.1)'), ('GND', 'GND'), ('/digital_inputs/IN17', '/digital_inputs/IN13'), ('Net-(RN16-R3.1)', 'Net-(RN18-R3.1)'), ('/digital_inputs/quad_input1/+PULLUP', '/digital_inputs/quad_input1/+PULLUP'), ('/digital_inputs/COLLECTOR17', '/digital_inputs/COLLECTOR13'), ('/digital_inputs/COLLECTOR20', '/digital_inputs/COLLECTOR16'), ('/digital_inputs/COLLECTOR18', '/digital_inputs/COLLECTOR14'), ('/digital_inputs/IN20', '/digital_inputs/IN16'), ('Net-(RN15-R4.1)', 'Net-(RN17-R4.1)'), ('/digital_inputs/IN19', '/digital_inputs/IN15'), ('Net-(RN16-R4.1)', 'Net-(RN18-R4.1)'), ('/digital_inputs/IN18', '/digital_inputs/IN14'), ('Net-(RN15-R2.1)', 'Net-(RN17-R2.1)')]
12-18 12:38:50 root 332:updating GUI message: 'Replicating zones'
12-18 12:38:50 com_github_MitjaNemec_ReplicateLayout.replicate_layout 1047:Replicating zones
12-18 12:38:50 com_github_MitjaNemec_ReplicateLayout.replicate_layout 1054:Replicating zones on sheet ['digital_inputs', 'quad_input1']
12-18 12:38:50 com_github_MitjaNemec_ReplicateLayout.replicate_layout 766:Net pairs for sheet ['digital_inputs', 'quad_input1'] :[('Net-(RN16-R4.1)', 'Net-(RN9-R4.1)'), ('Net-(RN15-R3.1)', 'Net-(RN10-R3.1)'), ('Net-(RN16-R1.1)', 'Net-(RN9-R1.1)'), ('Net-(RN15-R2.1)', 'Net-(RN10-R2.1)'), ('/digital_inputs/IN18', '/digital_inputs/IN2'), ('GND', 'GND'), ('/digital_inputs/IN19', '/digital_inputs/IN3'), ('/digital_inputs/COLLECTOR18', '/digital_inputs/COLLECTOR2'), ('Net-(RN16-R3.1)', 'Net-(RN9-R3.1)'), ('/digital_inputs/quad_input1/+PULLUP', '/digital_inputs/quad_input1/+PULLUP'), ('/digital_inputs/IN20', '/digital_inputs/IN4'), ('/digital_inputs/IN17', '/digital_inputs/IN1'), ('/digital_inputs/COLLECTOR19', '/digital_inputs/COLLECTOR3'), ('Net-(RN16-R2.1)', 'Net-(RN9-R2.1)'), ('Net-(RN15-R1.1)', 'Net-(RN10-R1.1)'), ('/digital_inputs/COLLECTOR20', '/digital_inputs/COLLECTOR4'), ('/digital_inputs/COLLECTOR17', '/digital_inputs/COLLECTOR1'), ('Net-(RN15-R4.1)', 'Net-(RN10-R4.1)')]
12-18 12:38:50 com_github_MitjaNemec_ReplicateLayout.replicate_layout 1054:Replicating zones on sheet ['digital_inputs', 'quad_input2']
12-18 12:38:50 com_github_MitjaNemec_ReplicateLayout.replicate_layout 766:Net pairs for sheet ['digital_inputs', 'quad_input2'] :[('/digital_inputs/COLLECTOR17', '/digital_inputs/COLLECTOR5'), ('/digital_inputs/IN17', '/digital_inputs/IN5'), ('Net-(RN15-R2.1)', 'Net-(RN11-R2.1)'), ('/digital_inputs/IN19', '/digital_inputs/IN7'), ('GND', 'GND'), ('Net-(RN15-R4.1)', 'Net-(RN11-R4.1)'), ('/digital_inputs/quad_input1/+PULLUP', '/digital_inputs/quad_input1/+PULLUP'), ('/digital_inputs/IN18', '/digital_inputs/IN6'), ('/digital_inputs/IN20', '/digital_inputs/IN8'), ('Net-(RN16-R2.1)', 'Net-(RN12-R2.1)'), ('/digital_inputs/COLLECTOR20', '/digital_inputs/COLLECTOR8'), ('Net-(RN16-R1.1)', 'Net-(RN12-R1.1)'), ('Net-(RN16-R4.1)', 'Net-(RN12-R4.1)'), ('/digital_inputs/COLLECTOR19', '/digital_inputs/COLLECTOR7'), ('/digital_inputs/COLLECTOR18', '/digital_inputs/COLLECTOR6'), ('Net-(RN15-R3.1)', 'Net-(RN11-R3.1)'), ('Net-(RN16-R3.1)', 'Net-(RN12-R3.1)'), ('Net-(RN15-R1.1)', 'Net-(RN11-R1.1)')]
12-18 12:38:50 root 337:updating GUI with: 50
12-18 12:38:50 com_github_MitjaNemec_ReplicateLayout.replicate_layout 1054:Replicating zones on sheet ['digital_inputs', 'quad_input3']
12-18 12:38:50 com_github_MitjaNemec_ReplicateLayout.replicate_layout 766:Net pairs for sheet ['digital_inputs', 'quad_input3'] :[('Net-(RN16-R3.1)', 'Net-(RN14-R3.1)'), ('Net-(RN15-R4.1)', 'Net-(RN13-R4.1)'), ('/digital_inputs/COLLECTOR19', '/digital_inputs/COLLECTOR11'), ('/digital_inputs/IN17', '/digital_inputs/IN9'), ('Net-(RN15-R1.1)', 'Net-(RN13-R1.1)'), ('GND', 'GND'), ('Net-(RN15-R3.1)', 'Net-(RN13-R3.1)'), ('/digital_inputs/IN19', '/digital_inputs/IN11'), ('/digital_inputs/quad_input1/+PULLUP', '/digital_inputs/quad_input1/+PULLUP'), ('Net-(RN15-R2.1)', 'Net-(RN13-R2.1)'), ('Net-(RN16-R4.1)', 'Net-(RN14-R4.1)'), ('/digital_inputs/COLLECTOR18', '/digital_inputs/COLLECTOR10'), ('Net-(RN16-R2.1)', 'Net-(RN14-R2.1)'), ('Net-(RN16-R1.1)', 'Net-(RN14-R1.1)'), ('/digital_inputs/IN20', '/digital_inputs/IN12'), ('/digital_inputs/COLLECTOR20', '/digital_inputs/COLLECTOR12'), ('/digital_inputs/COLLECTOR17', '/digital_inputs/COLLECTOR9'), ('/digital_inputs/IN18', '/digital_inputs/IN10')]
12-18 12:38:50 com_github_MitjaNemec_ReplicateLayout.replicate_layout 1054:Replicating zones on sheet ['digital_inputs', 'quad_input4']
12-18 12:38:50 com_github_MitjaNemec_ReplicateLayout.replicate_layout 766:Net pairs for sheet ['digital_inputs', 'quad_input4'] :[('Net-(RN16-R2.1)', 'Net-(RN18-R2.1)'), ('/digital_inputs/COLLECTOR19', '/digital_inputs/COLLECTOR15'), ('Net-(RN16-R1.1)', 'Net-(RN18-R1.1)'), ('Net-(RN15-R3.1)', 'Net-(RN17-R3.1)'), ('Net-(RN15-R1.1)', 'Net-(RN17-R1.1)'), ('GND', 'GND'), ('/digital_inputs/IN17', '/digital_inputs/IN13'), ('Net-(RN16-R3.1)', 'Net-(RN18-R3.1)'), ('/digital_inputs/quad_input1/+PULLUP', '/digital_inputs/quad_input1/+PULLUP'), ('/digital_inputs/COLLECTOR17', '/digital_inputs/COLLECTOR13'), ('/digital_inputs/COLLECTOR20', '/digital_inputs/COLLECTOR16'), ('/digital_inputs/COLLECTOR18', '/digital_inputs/COLLECTOR14'), ('/digital_inputs/IN20', '/digital_inputs/IN16'), ('Net-(RN15-R4.1)', 'Net-(RN17-R4.1)'), ('/digital_inputs/IN19', '/digital_inputs/IN15'), ('Net-(RN16-R4.1)', 'Net-(RN18-R4.1)'), ('/digital_inputs/IN18', '/digital_inputs/IN14'), ('Net-(RN15-R2.1)', 'Net-(RN17-R2.1)')]
12-18 12:38:50 root 332:updating GUI message: 'Replicating text'
12-18 12:38:50 com_github_MitjaNemec_ReplicateLayout.replicate_layout 1136:Replicating text
12-18 12:38:50 com_github_MitjaNemec_ReplicateLayout.replicate_layout 1143:Replicating text on sheet ['digital_inputs', 'quad_input1']
12-18 12:38:50 com_github_MitjaNemec_ReplicateLayout.replicate_layout 1143:Replicating text on sheet ['digital_inputs', 'quad_input2']
12-18 12:38:50 com_github_MitjaNemec_ReplicateLayout.replicate_layout 1143:Replicating text on sheet ['digital_inputs', 'quad_input3']
12-18 12:38:50 com_github_MitjaNemec_ReplicateLayout.replicate_layout 1143:Replicating text on sheet ['digital_inputs', 'quad_input4']
12-18 12:38:50 root 332:updating GUI message: 'Replicating drawings'
12-18 12:38:50 com_github_MitjaNemec_ReplicateLayout.replicate_layout 1187:Replicating drawings
12-18 12:38:50 com_github_MitjaNemec_ReplicateLayout.replicate_layout 1193:Replicating drawings on sheet ['digital_inputs', 'quad_input1']
12-18 12:38:50 com_github_MitjaNemec_ReplicateLayout.replicate_layout 1193:Replicating drawings on sheet ['digital_inputs', 'quad_input2']
12-18 12:38:50 com_github_MitjaNemec_ReplicateLayout.replicate_layout 1193:Replicating drawings on sheet ['digital_inputs', 'quad_input3']
12-18 12:38:50 com_github_MitjaNemec_ReplicateLayout.replicate_layout 1193:Replicating drawings on sheet ['digital_inputs', 'quad_input4']
12-18 12:38:50 root 332:updating GUI message: 'Removing duplicates'
12-18 12:38:51 com_github_MitjaNemec_ReplicateLayout.action_replicate_layout 256:Replication complete
